<?xml version="1.0" encoding="UTF-8"?>
<!-- Generated by org.testng.reporters.JUnitReportReporter -->
<testsuite hostname="Sheetal" failures="0" tests="1" name="tests.LoginTests" time="11.935" errors="0" timestamp="2023-09-06T13:06:59 PDT" skipped="0">
  <testcase classname="tests.LoginTests" name="loginTest3" time="11.935"/>
  <system-out/>
</testsuite> <!-- tests.LoginTests -->
