<?xml version="1.0" encoding="UTF-8"?>
<!-- Generated by org.testng.reporters.JUnitReportReporter -->
<testsuite hostname="Sheetal" failures="0" tests="1" name="tests.AccountsTests" time="9.296" errors="0" timestamp="2023-09-10T12:58:08 PDT" skipped="0">
  <testcase classname="tests.AccountsTests" name="accountTab_TC13" time="9.296"/>
  <system-out/>
</testsuite> <!-- tests.AccountsTests -->
