<?xml version="1.0" encoding="UTF-8"?>
<!-- Generated by org.testng.reporters.JUnitReportReporter -->
<testsuite hostname="Sheetal" failures="0" tests="2" name="testcases.TestNG" time="5.242" errors="0" timestamp="2023-08-22T23:16:37 PDT" skipped="0">
  <testcase classname="testcases.TestNG" name="out" time="1.766"/>
  <system-out/>
  <testcase classname="testcases.TestNG" name="Login" time="3.476"/>
  <system-out/>
</testsuite> <!-- testcases.TestNG -->
