<?xml version="1.0" encoding="UTF-8"?>
<!-- Generated by org.testng.reporters.JUnitReportReporter -->
<testsuite hostname="Sheetal" failures="0" tests="1" name="tests.LoginTests" time="26.631" errors="0" timestamp="2023-08-25T18:41:29 PDT" skipped="0">
  <testcase classname="tests.LoginTests" name="Login_TC2" time="26.631"/>
  <system-out/>
</testsuite> <!-- tests.LoginTests -->
