<?xml version="1.0" encoding="UTF-8"?>
<!-- Generated by org.testng.reporters.JUnitReportReporter -->
<testsuite hostname="Sheetal" failures="0" tests="1" name="demo.Login" time="0.009" errors="0" timestamp="2023-08-25T16:20:43 PDT" skipped="0">
  <testcase classname="demo.Login" name="login" time="0.009"/>
  <system-out/>
</testsuite> <!-- demo.Login -->
