<?xml version="1.0" encoding="UTF-8"?>
<!-- Generated by org.testng.reporters.JUnitReportReporter -->
<testsuite hostname="Sheetal" failures="0" tests="1" name="tests.LeadsTests" time="4.173" errors="0" timestamp="2023-09-11T21:34:21 PDT" skipped="0">
  <testcase classname="tests.LeadsTests" name="leads_TC23" time="4.173"/>
  <system-out/>
</testsuite> <!-- tests.LeadsTests -->
