<?xml version="1.0" encoding="UTF-8"?>
<!-- Generated by org.testng.reporters.JUnitReportReporter -->
<testsuite hostname="Sheetal" failures="0" tests="1" name="tests.OptyTests" time="1.208" errors="0" timestamp="2023-10-01T23:19:24 PDT" skipped="0">
  <testcase classname="tests.OptyTests" name="optyTab_TC15" time="1.208"/>
  <system-out/>
</testsuite> <!-- tests.OptyTests -->
