<?xml version="1.0" encoding="UTF-8"?>
<!-- Generated by org.testng.reporters.JUnitReportReporter -->
<testsuite hostname="Sheetal" failures="0" tests="1" name="tests.UserMenuTests" time="4.816" errors="0" timestamp="2023-09-09T13:00:43 PDT" skipped="0">
  <testcase classname="tests.UserMenuTests" name="userMenuDropDown_TC5" time="4.816"/>
  <system-out/>
</testsuite> <!-- tests.UserMenuTests -->
