<?xml version="1.0" encoding="UTF-8"?>
<!-- Generated by org.testng.reporters.JUnitReportReporter -->
<testsuite hostname="Sheetal" failures="0" tests="3" name="testcases.TestNG" time="3.739" errors="0" timestamp="2023-10-01T22:44:43 PDT" skipped="0">
  <testcase classname="testcases.TestNG" name="ogin" time="0.005"/>
  <system-out/>
  <testcase classname="testcases.TestNG" name="out" time="0.006"/>
  <system-out/>
  <testcase classname="testcases.TestNG" name="Login" time="3.728"/>
  <system-out/>
</testsuite> <!-- testcases.TestNG -->
